[2023-08-08 19:12:44.349511] atl_bitlab_bot.py: @TestATLBitLabBot Initialized
[2023-08-08 19:12:44.349511] atl_bitlab_bot.py: @TestATLBitLabBot Polling
[2023-08-08 19:13:47.289065] atl_bitlab_bot.py: @TestATLBitLabBot Initialized
[2023-08-08 19:13:47.289065] atl_bitlab_bot.py: @TestATLBitLabBot Polling
[2023-08-08 19:14:56.776805] atl_bitlab_bot.py: @TestATLBitLabBot Initialized
[2023-08-08 19:14:56.776805] atl_bitlab_bot.py: @TestATLBitLabBot Polling
[2023-08-08 19:14:56.776805] atl_bitlab_bot.py: /start executed by nonni_io
[2023-08-08 19:14:56.776805] atl_bitlab_bot.py: handle_message - Raw message Message(channel_chat_created=False, chat=Chat(first_name='byran', id=1711738045, type=<ChatType.PRIVATE>, username='nonni_io'), date=datetime.datetime(2023, 8, 8, 23, 15, 13, tzinfo=<UTC>), delete_chat_photo=False, from_user=User(first_name='byran', id=1711738045, is_bot=False, language_code='en', username='nonni_io'), group_chat_created=False, message_id=494, supergroup_chat_created=False, text='hi')
[2023-08-08 19:15:51.622952] atl_bitlab_bot.py: @TestATLBitLabBot Initialized
[2023-08-08 19:15:51.622952] atl_bitlab_bot.py: @TestATLBitLabBot Polling
[2023-08-08 19:15:51.622952] atl_bitlab_bot.py: /start executed by nonni_io
[2023-08-08 19:15:51.622952] atl_bitlab_bot.py: handle_message - Raw message Message(channel_chat_created=False, chat=Chat(first_name='byran', id=1711738045, type=<ChatType.PRIVATE>, username='nonni_io'), date=datetime.datetime(2023, 8, 8, 23, 15, 58, tzinfo=<UTC>), delete_chat_photo=False, from_user=User(first_name='byran', id=1711738045, is_bot=False, language_code='en', username='nonni_io'), group_chat_created=False, message_id=497, supergroup_chat_created=False, text='hi')
[2023-08-08 19:16:24.353897] atl_bitlab_bot.py: @TestATLBitLabBot Initialized
[2023-08-08 19:16:24.353897] atl_bitlab_bot.py: @TestATLBitLabBot Polling
[2023-08-08 19:16:24.353897] atl_bitlab_bot.py: /start executed by nonni_io
[2023-08-08 19:16:24.353897] atl_bitlab_bot.py: handle_message - Raw message Message(channel_chat_created=False, chat=Chat(first_name='byran', id=1711738045, type=<ChatType.PRIVATE>, username='nonni_io'), date=datetime.datetime(2023, 8, 8, 23, 16, 37, tzinfo=<UTC>), delete_chat_photo=False, from_user=User(first_name='byran', id=1711738045, is_bot=False, language_code='en', username='nonni_io'), group_chat_created=False, message_id=500, supergroup_chat_created=False, text='hi')
[2023-08-08 19:16:50.102648] atl_bitlab_bot.py: @TestATLBitLabBot Initialized
[2023-08-08 19:16:50.102648] atl_bitlab_bot.py: @TestATLBitLabBot Polling
[2023-08-08 19:16:50.102648] atl_bitlab_bot.py: /start executed by nonni_io
[2023-08-08 19:16:50.102648] atl_bitlab_bot.py: handle_message - Raw message Message(channel_chat_created=False, chat=Chat(first_name='byran', id=1711738045, type=<ChatType.PRIVATE>, username='nonni_io'), date=datetime.datetime(2023, 8, 8, 23, 16, 53, tzinfo=<UTC>), delete_chat_photo=False, from_user=User(first_name='byran', id=1711738045, is_bot=False, language_code='en', username='nonni_io'), group_chat_created=False, message_id=503, supergroup_chat_created=False, text='hi')
[2023-08-08 19:20:43.577564] atl_bitlab_bot.py: @TestATLBitLabBot Initialized
[2023-08-08 19:20:43.577564] atl_bitlab_bot.py: @TestATLBitLabBot Polling
[2023-08-08 19:20:43.577564] atl_bitlab_bot.py: /start executed by nonni_io
[2023-08-08 19:20:43.577564] atl_bitlab_bot.py: handle_message - Raw message Message(channel_chat_created=False, chat=Chat(first_name='byran', id=1711738045, type=<ChatType.PRIVATE>, username='nonni_io'), date=datetime.datetime(2023, 8, 8, 23, 20, 48, tzinfo=<UTC>), delete_chat_photo=False, from_user=User(first_name='byran', id=1711738045, is_bot=False, language_code='en', username='nonni_io'), group_chat_created=False, message_id=506, supergroup_chat_created=False, text='hi')
[2023-08-08 19:21:45.395499] atl_bitlab_bot.py: @TestATLBitLabBot Initialized
[2023-08-08 19:21:45.395499] atl_bitlab_bot.py: @TestATLBitLabBot Polling
[2023-08-08 19:21:45.395499] atl_bitlab_bot.py: /start executed by nonni_io
[2023-08-08 19:21:45.395499] atl_bitlab_bot.py: handle_message - Raw message Message(channel_chat_created=False, chat=Chat(first_name='byran', id=1711738045, type=<ChatType.PRIVATE>, username='nonni_io'), date=datetime.datetime(2023, 8, 8, 23, 21, 50, tzinfo=<UTC>), delete_chat_photo=False, from_user=User(first_name='byran', id=1711738045, is_bot=False, language_code='en', username='nonni_io'), group_chat_created=False, message_id=509, supergroup_chat_created=False, text='hi')
[2023-08-08 19:22:06.826582] atl_bitlab_bot.py: @TestATLBitLabBot Initialized
[2023-08-08 19:22:06.826582] atl_bitlab_bot.py: @TestATLBitLabBot Polling
[2023-08-08 19:22:06.826582] atl_bitlab_bot.py: /start executed by nonni_io
[2023-08-08 19:22:06.826582] atl_bitlab_bot.py: handle_message - Raw message Message(channel_chat_created=False, chat=Chat(first_name='byran', id=1711738045, type=<ChatType.PRIVATE>, username='nonni_io'), date=datetime.datetime(2023, 8, 8, 23, 22, 12, tzinfo=<UTC>), delete_chat_photo=False, from_user=User(first_name='byran', id=1711738045, is_bot=False, language_code='en', username='nonni_io'), group_chat_created=False, message_id=512, supergroup_chat_created=False, text='hi')
[2023-08-08 19:22:21.297253] atl_bitlab_bot.py: @TestATLBitLabBot Initialized
[2023-08-08 19:22:21.297253] atl_bitlab_bot.py: @TestATLBitLabBot Polling
[2023-08-08 19:22:21.297253] atl_bitlab_bot.py: /start executed by nonni_io
[2023-08-08 19:22:21.297253] atl_bitlab_bot.py: handle_message - Raw message Message(channel_chat_created=False, chat=Chat(first_name='byran', id=1711738045, type=<ChatType.PRIVATE>, username='nonni_io'), date=datetime.datetime(2023, 8, 8, 23, 22, 30, tzinfo=<UTC>), delete_chat_photo=False, from_user=User(first_name='byran', id=1711738045, is_bot=False, language_code='en', username='nonni_io'), group_chat_created=False, message_id=515, supergroup_chat_created=False, text='hi')
[2023-08-08 19:24:55.529981] atl_bitlab_bot.py: @TestATLBitLabBot Initialized
[2023-08-08 19:24:55.529981] atl_bitlab_bot.py: @TestATLBitLabBot Polling
[2023-08-08 19:24:55.529981] atl_bitlab_bot.py: /start executed by nonni_io
[2023-08-08 19:24:55.529981] atl_bitlab_bot.py: handle_message - Raw message Message(channel_chat_created=False, chat=Chat(first_name='byran', id=1711738045, type=<ChatType.PRIVATE>, username='nonni_io'), date=datetime.datetime(2023, 8, 8, 23, 25, tzinfo=<UTC>), delete_chat_photo=False, from_user=User(first_name='byran', id=1711738045, is_bot=False, language_code='en', username='nonni_io'), group_chat_created=False, message_id=518, supergroup_chat_created=False, text='hi')
[2023-08-08 19:25:51.901158] atl_bitlab_bot.py: @TestATLBitLabBot Initialized
[2023-08-08 19:25:51.901158] atl_bitlab_bot.py: @TestATLBitLabBot Polling
[2023-08-08 19:25:51.901158] atl_bitlab_bot.py: /start executed by nonni_io
[2023-08-08 19:25:51.901158] atl_bitlab_bot.py: handle_message - Raw message Message(channel_chat_created=False, chat=Chat(first_name='byran', id=1711738045, type=<ChatType.PRIVATE>, username='nonni_io'), date=datetime.datetime(2023, 8, 8, 23, 25, 59, tzinfo=<UTC>), delete_chat_photo=False, from_user=User(first_name='byran', id=1711738045, is_bot=False, language_code='en', username='nonni_io'), group_chat_created=False, message_id=521, supergroup_chat_created=False, text='hi')
[2023-08-08 19:26:28.020966] atl_bitlab_bot.py: @TestATLBitLabBot Initialized
[2023-08-08 19:26:28.020966] atl_bitlab_bot.py: @TestATLBitLabBot Polling
[2023-08-08 19:26:28.020966] atl_bitlab_bot.py: /start executed by nonni_io
[2023-08-08 19:26:28.020966] atl_bitlab_bot.py: handle_message - Raw message Message(channel_chat_created=False, chat=Chat(first_name='byran', id=1711738045, type=<ChatType.PRIVATE>, username='nonni_io'), date=datetime.datetime(2023, 8, 8, 23, 26, 32, tzinfo=<UTC>), delete_chat_photo=False, from_user=User(first_name='byran', id=1711738045, is_bot=False, language_code='en', username='nonni_io'), group_chat_created=False, message_id=524, supergroup_chat_created=False, text='hi')
[2023-08-08 19:27:51.266868] atl_bitlab_bot.py: @TestATLBitLabBot Initialized
[2023-08-08 19:27:51.266868] atl_bitlab_bot.py: @TestATLBitLabBot Polling
[2023-08-08 19:27:51.266868] atl_bitlab_bot.py: /start executed by nonni_io
[2023-08-08 19:27:51.266868] atl_bitlab_bot.py: handle_message - Raw message Message(channel_chat_created=False, chat=Chat(first_name='byran', id=1711738045, type=<ChatType.PRIVATE>, username='nonni_io'), date=datetime.datetime(2023, 8, 8, 23, 27, 55, tzinfo=<UTC>), delete_chat_photo=False, from_user=User(first_name='byran', id=1711738045, is_bot=False, language_code='en', username='nonni_io'), group_chat_created=False, message_id=527, supergroup_chat_created=False, text='hi')
[2023-08-08 19:28:22.227358] atl_bitlab_bot.py: @TestATLBitLabBot Initialized
[2023-08-08 19:28:22.227358] atl_bitlab_bot.py: @TestATLBitLabBot Polling
[2023-08-08 19:28:22.227358] atl_bitlab_bot.py: /start executed by nonni_io
[2023-08-08 19:28:22.227358] atl_bitlab_bot.py: handle_message - Raw message Message(channel_chat_created=False, chat=Chat(first_name='byran', id=1711738045, type=<ChatType.PRIVATE>, username='nonni_io'), date=datetime.datetime(2023, 8, 8, 23, 28, 26, tzinfo=<UTC>), delete_chat_photo=False, from_user=User(first_name='byran', id=1711738045, is_bot=False, language_code='en', username='nonni_io'), group_chat_created=False, message_id=530, supergroup_chat_created=False, text='hi')
[2023-08-08 19:35:19.222983] atl_bitlab_bot.py: @TestATLBitLabBot Initialized
[2023-08-08 19:35:19.222983] atl_bitlab_bot.py: @TestATLBitLabBot Polling
[2023-08-08 19:35:19.222983] atl_bitlab_bot.py: /start executed by nonni_io
[2023-08-08 19:35:19.222983] atl_bitlab_bot.py: handle_message - Raw message Message(channel_chat_created=False, chat=Chat(first_name='byran', id=1711738045, type=<ChatType.PRIVATE>, username='nonni_io'), date=datetime.datetime(2023, 8, 8, 23, 35, 24, tzinfo=<UTC>), delete_chat_photo=False, from_user=User(first_name='byran', id=1711738045, is_bot=False, language_code='en', username='nonni_io'), group_chat_created=False, message_id=533, supergroup_chat_created=False, text='hi')
[2023-08-08 19:36:43.230150] atl_bitlab_bot.py: @TestATLBitLabBot Initialized
[2023-08-08 19:36:43.230150] atl_bitlab_bot.py: @TestATLBitLabBot Polling
[2023-08-08 19:36:43.230150] atl_bitlab_bot.py: /start executed by nonni_io
[2023-08-08 19:36:43.230150] atl_bitlab_bot.py: handle_message - Raw message Message(channel_chat_created=False, chat=Chat(first_name='byran', id=1711738045, type=<ChatType.PRIVATE>, username='nonni_io'), date=datetime.datetime(2023, 8, 8, 23, 36, 47, tzinfo=<UTC>), delete_chat_photo=False, from_user=User(first_name='byran', id=1711738045, is_bot=False, language_code='en', username='nonni_io'), group_chat_created=False, message_id=536, supergroup_chat_created=False, text='hi')
[2023-08-08 19:42:11.578535] atl_bitlab_bot.py: @TestATLBitLabBot Initialized
[2023-08-08 19:42:11.578535] atl_bitlab_bot.py: @TestATLBitLabBot Polling
[2023-08-08 19:42:11.578535] atl_bitlab_bot.py: /start executed by nonni_io
[2023-08-08 19:42:11.578535] atl_bitlab_bot.py: handle_message - Raw message Message(channel_chat_created=False, chat=Chat(first_name='byran', id=1711738045, type=<ChatType.PRIVATE>, username='nonni_io'), date=datetime.datetime(2023, 8, 8, 23, 42, 14, tzinfo=<UTC>), delete_chat_photo=False, from_user=User(first_name='byran', id=1711738045, is_bot=False, language_code='en', username='nonni_io'), group_chat_created=False, message_id=539, supergroup_chat_created=False, text='hi')
[2023-08-08 19:43:57.900243] atl_bitlab_bot.py: @TestATLBitLabBot Initialized
[2023-08-08 19:43:57.900243] atl_bitlab_bot.py: @TestATLBitLabBot Polling
[2023-08-08 19:43:57.900243] atl_bitlab_bot.py: /start executed by nonni_io
[2023-08-08 19:43:57.900243] atl_bitlab_bot.py: handle_message - Raw message Message(channel_chat_created=False, chat=Chat(first_name='byran', id=1711738045, type=<ChatType.PRIVATE>, username='nonni_io'), date=datetime.datetime(2023, 8, 8, 23, 44, 3, tzinfo=<UTC>), delete_chat_photo=False, from_user=User(first_name='byran', id=1711738045, is_bot=False, language_code='en', username='nonni_io'), group_chat_created=False, message_id=542, supergroup_chat_created=False, text='hi')
[2023-08-08 19:43:57.900243] atl_bitlab_bot.py: handle_message - Raw message Message(channel_chat_created=False, chat=Chat(first_name='byran', id=1711738045, type=<ChatType.PRIVATE>, username='nonni_io'), date=datetime.datetime(2023, 8, 8, 23, 44, 58, tzinfo=<UTC>), delete_chat_photo=False, from_user=User(first_name='byran', id=1711738045, is_bot=False, language_code='en', username='nonni_io'), group_chat_created=False, message_id=543, photo=(PhotoSize(file_id='AgACAgEAAxkBAAICH2TS03p4VlFFvOnv1IAXsLFdOzHFAAKWqzEb9ZWZRuryou364rkYAQADAgADcwADMAQ', file_size=2249, file_unique_id='AQADlqsxG_WVmUZ4', height=90, width=90), PhotoSize(file_id='AgACAgEAAxkBAAICH2TS03p4VlFFvOnv1IAXsLFdOzHFAAKWqzEb9ZWZRuryou364rkYAQADAgADbQADMAQ', file_size=25137, file_unique_id='AQADlqsxG_WVmUZy', height=320, width=320), PhotoSize(file_id='AgACAgEAAxkBAAICH2TS03p4VlFFvOnv1IAXsLFdOzHFAAKWqzEb9ZWZRuryou364rkYAQADAgADeAADMAQ', file_size=94661, file_unique_id='AQADlqsxG_WVmUZ9', height=800, width=800), PhotoSize(file_id='AgACAgEAAxkBAAICH2TS03p4VlFFvOnv1IAXsLFdOzHFAAKWqzEb9ZWZRuryou364rkYAQADAgADeQADMAQ', file_size=108455, file_unique_id='AQADlqsxG_WVmUZ-', height=1080, width=1080)), supergroup_chat_created=False)
[2023-08-08 19:43:57.900243] atl_bitlab_bot.py: handle_message - Raw message Message(caption='image with text', channel_chat_created=False, chat=Chat(first_name='byran', id=1711738045, type=<ChatType.PRIVATE>, username='nonni_io'), date=datetime.datetime(2023, 8, 8, 23, 45, 32, tzinfo=<UTC>), delete_chat_photo=False, from_user=User(first_name='byran', id=1711738045, is_bot=False, language_code='en', username='nonni_io'), group_chat_created=False, message_id=544, photo=(PhotoSize(file_id='AgACAgEAAxkBAAICIGTS05zqpOoZQLX0f35Mb8HtMNatAAKXqzEb9ZWZRlbexoVUqbqxAQADAgADcwADMAQ', file_size=1644, file_unique_id='AQADl6sxG_WVmUZ4', height=51, width=90), PhotoSize(file_id='AgACAgEAAxkBAAICIGTS05zqpOoZQLX0f35Mb8HtMNatAAKXqzEb9ZWZRlbexoVUqbqxAQADAgADbQADMAQ', file_size=25511, file_unique_id='AQADl6sxG_WVmUZy', height=180, width=320), PhotoSize(file_id='AgACAgEAAxkBAAICIGTS05zqpOoZQLX0f35Mb8HtMNatAAKXqzEb9ZWZRlbexoVUqbqxAQADAgADeAADMAQ', file_size=54013, file_unique_id='AQADl6sxG_WVmUZ9', height=338, width=600)), supergroup_chat_created=False)
